# JRE version: OpenJDK Runtime Environment (17.0.11) (build 17.0.11+0--11852314)
# Java VM: OpenJDK 64-Bit Server VM (17.0.11+0--11852314, mixed mode, tiered, compressed oops, compressed class ptrs, g1 gc, windows-amd64)
GC Precious Log:
 CPUs: 4 total, 4 available
 Memory: 6082M
 Large Page Support: Disabled
 NUMA Support: Disabled
 Compressed Oops: Enabled (Zero based)
 Heap Region Size: 2M
 Heap Min Capacity: 8M
 Heap Initial Capacity: 96M
 Heap Max Capacity: 4G
 Pre-touch: Disabled
 Parallel Workers: 4
 Concurrent Workers: 1
 Concurrent Refinement Workers: 4
 Periodic GC: Disabled
Heap:
 garbage-first heap   total 368640K, used 140989K [0x0000000700000000, 0x0000000800000000)
  region size 2048K, 17 young (34816K), 2 survivors (4096K)
 Metaspace       used 107489K, committed 108288K, reserved 1179648K
  class space    used 14898K, committed 15296K, reserved 1048576K
GC Heap History (20 events):
Event: 26.818 GC heap before
{Heap before GC invocations=33 (full 0):
 garbage-first heap   total 184320K, used 95031K [0x0000000700000000, 0x0000000800000000)
  region size 2048K, 4 young (8192K), 2 survivors (4096K)
 Metaspace       used 92971K, committed 93632K, reserved 1179648K
  class space    used 12800K, committed 13120K, reserved 1048576K
}
Event: 26.825 GC heap after
{Heap after GC invocations=34 (full 0):
 garbage-first heap   total 184320K, used 89529K [0x0000000700000000, 0x0000000800000000)
  region size 2048K, 1 young (2048K), 1 survivors (2048K)
 Metaspace       used 92971K, committed 93632K, reserved 1179648K
  class space    used 12800K, committed 13120K, reserved 1048576K
}
Event: 28.313 GC heap before
{Heap before GC invocations=34 (full 0):
 garbage-first heap   total 184320K, used 148921K [0x0000000700000000, 0x0000000800000000)
  region size 2048K, 30 young (61440K), 1 survivors (2048K)
 Metaspace       used 97007K, committed 97664K, reserved 1179648K
  class space    used 13386K, committed 13696K, reserved 1048576K
}
Event: 28.322 GC heap after
{Heap after GC invocations=35 (full 0):
 garbage-first heap   total 184320K, used 92966K [0x0000000700000000, 0x0000000800000000)
  region size 2048K, 2 young (4096K), 2 survivors (4096K)
 Metaspace       used 97007K, committed 97664K, reserved 1179648K
  class space    used 13386K, committed 13696K, reserved 1048576K
}
Event: 29.461 GC heap before
{Heap before GC invocations=36 (full 0):
 garbage-first heap   total 184320K, used 150310K [0x0000000700000000, 0x0000000800000000)
  region size 2048K, 30 young (61440K), 2 survivors (4096K)
 Metaspace       used 102147K, committed 102976K, reserved 1179648K
  class space    used 14133K, committed 14528K, reserved 1048576K
}
Event: 29.471 GC heap after
{Heap after GC invocations=37 (full 0):
 garbage-first heap   total 184320K, used 95540K [0x0000000700000000, 0x0000000800000000)
  region size 2048K, 4 young (8192K), 4 survivors (8192K)
 Metaspace       used 102147K, committed 102976K, reserved 1179648K
  class space    used 14133K, committed 14528K, reserved 1048576K
}
Event: 29.493 GC heap before
{Heap before GC invocations=37 (full 0):
 garbage-first heap   total 184320K, used 97588K [0x0000000700000000, 0x0000000800000000)
  region size 2048K, 5 young (10240K), 4 survivors (8192K)
 Metaspace       used 102201K, committed 102976K, reserved 1179648K
  class space    used 14140K, committed 14528K, reserved 1048576K
}
Event: 29.503 GC heap after
{Heap after GC invocations=38 (full 0):
 garbage-first heap   total 184320K, used 95494K [0x0000000700000000, 0x0000000800000000)
  region size 2048K, 1 young (2048K), 1 survivors (2048K)
 Metaspace       used 102201K, committed 102976K, reserved 1179648K
  class space    used 14140K, committed 14528K, reserved 1048576K
}
Event: 30.882 GC heap before
{Heap before GC invocations=38 (full 0):
 garbage-first heap   total 184320K, used 150790K [0x0000000700000000, 0x0000000800000000)
  region size 2048K, 28 young (57344K), 1 survivors (2048K)
 Metaspace       used 105976K, committed 106752K, reserved 1179648K
  class space    used 14745K, committed 15104K, reserved 1048576K
}
Event: 30.892 GC heap after
{Heap after GC invocations=39 (full 0):
 garbage-first heap   total 184320K, used 99104K [0x0000000700000000, 0x0000000800000000)
  region size 2048K, 3 young (6144K), 3 survivors (6144K)
 Metaspace       used 105976K, committed 106752K, reserved 1179648K
  class space    used 14745K, committed 15104K, reserved 1048576K
}
Event: 32.590 GC heap before
{Heap before GC invocations=39 (full 0):
 garbage-first heap   total 184320K, used 150304K [0x0000000700000000, 0x0000000800000000)
  region size 2048K, 28 young (57344K), 3 survivors (6144K)
 Metaspace       used 106358K, committed 107136K, reserved 1179648K
  class space    used 14768K, committed 15168K, reserved 1048576K
}
Event: 32.605 GC heap after
{Heap after GC invocations=40 (full 0):
 garbage-first heap   total 184320K, used 104903K [0x0000000700000000, 0x0000000800000000)
  region size 2048K, 3 young (6144K), 3 survivors (6144K)
 Metaspace       used 106358K, committed 107136K, reserved 1179648K
  class space    used 14768K, committed 15168K, reserved 1048576K
}
Event: 33.780 GC heap before
{Heap before GC invocations=40 (full 0):
 garbage-first heap   total 184320K, used 152007K [0x0000000700000000, 0x0000000800000000)
  region size 2048K, 26 young (53248K), 3 survivors (6144K)
 Metaspace       used 106793K, committed 107584K, reserved 1179648K
  class space    used 14827K, committed 15232K, reserved 1048576K
}
Event: 33.791 GC heap after
{Heap after GC invocations=41 (full 0):
 garbage-first heap   total 184320K, used 107074K [0x0000000700000000, 0x0000000800000000)
  region size 2048K, 3 young (6144K), 3 survivors (6144K)
 Metaspace       used 106793K, committed 107584K, reserved 1179648K
  class space    used 14827K, committed 15232K, reserved 1048576K
}
Event: 35.748 GC heap before
{Heap before GC invocations=41 (full 0):
 garbage-first heap   total 184320K, used 152130K [0x0000000700000000, 0x0000000800000000)
  region size 2048K, 25 young (51200K), 3 survivors (6144K)
 Metaspace       used 107150K, committed 107968K, reserved 1179648K
  class space    used 14866K, committed 15232K, reserved 1048576K
}
Event: 35.759 GC heap after
{Heap after GC invocations=42 (full 0):
 garbage-first heap   total 184320K, used 108962K [0x0000000700000000, 0x0000000800000000)
  region size 2048K, 3 young (6144K), 3 survivors (6144K)
 Metaspace       used 107150K, committed 107968K, reserved 1179648K
  class space    used 14866K, committed 15232K, reserved 1048576K
}
Event: 36.837 GC heap before
{Heap before GC invocations=42 (full 0):
 garbage-first heap   total 184320K, used 151970K [0x0000000700000000, 0x0000000800000000)
  region size 2048K, 24 young (49152K), 3 survivors (6144K)
 Metaspace       used 107398K, committed 108224K, reserved 1179648K
  class space    used 14891K, committed 15296K, reserved 1048576K
}
Event: 36.849 GC heap after
{Heap after GC invocations=43 (full 0):
 garbage-first heap   total 184320K, used 110628K [0x0000000700000000, 0x0000000800000000)
  region size 2048K, 3 young (6144K), 3 survivors (6144K)
 Metaspace       used 107398K, committed 108224K, reserved 1179648K
  class space    used 14891K, committed 15296K, reserved 1048576K
}
Event: 37.935 GC heap before
{Heap before GC invocations=43 (full 0):
 garbage-first heap   total 184320K, used 149540K [0x0000000700000000, 0x0000000800000000)
  region size 2048K, 23 young (47104K), 3 survivors (6144K)
 Metaspace       used 107480K, committed 108288K, reserved 1179648K
  class space    used 14897K, committed 15296K, reserved 1048576K
}
Event: 37.947 GC heap after
{Heap after GC invocations=44 (full 0):
 garbage-first heap   total 368640K, used 112317K [0x0000000700000000, 0x0000000800000000)
  region size 2048K, 2 young (4096K), 2 survivors (4096K)
 Metaspace       used 107480K, committed 108288K, reserved 1179648K
  class space    used 14897K, committed 15296K, reserved 1048576K
}

